<?xml version="1.0" encoding="UTF-8"?>
<testng-results skipped="0" failed="0" ignored="0" total="1" passed="1">
  <reporter-output>
  </reporter-output>
  <suite name="Suite" duration-ms="50677" started-at="2019-07-28T20:23:01Z" finished-at="2019-07-28T20:23:52Z">
    <groups>
    </groups>
    <test name="Test" duration-ms="50677" started-at="2019-07-28T20:23:01Z" finished-at="2019-07-28T20:23:52Z">
      <class name="com.Test.executionTest">
        <test-method status="PASS" signature="config()[pri:0, instance:com.Test.executionTest@3bfdc050]" name="config" is-config="true" duration-ms="36350" started-at="2019-07-28T20:23:01Z" finished-at="2019-07-28T20:23:37Z">
          <reporter-output>
          </reporter-output>
        </test-method> <!-- config -->
        <test-method status="PASS" signature="launchTest()[pri:0, instance:com.Test.executionTest@3bfdc050]" name="launchTest" duration-ms="13489" started-at="2019-07-28T20:23:37Z" finished-at="2019-07-28T20:23:51Z">
          <reporter-output>
          </reporter-output>
        </test-method> <!-- launchTest -->
        <test-method status="PASS" signature="end()[pri:0, instance:com.Test.executionTest@3bfdc050]" name="end" is-config="true" duration-ms="677" started-at="2019-07-28T20:23:51Z" finished-at="2019-07-28T20:23:52Z">
          <reporter-output>
          </reporter-output>
        </test-method> <!-- end -->
      </class> <!-- com.Test.executionTest -->
    </test> <!-- Test -->
  </suite> <!-- Suite -->
</testng-results>
